[0.430s] Invoking command in '/home/davut/otonomus_ws/src/self_driving_car_pkg': PYTHONPATH=/home/davut/otonomus_ws/build/self_driving_car_pkg/prefix_override:/usr/lib/python3/dist-packages/colcon_core/task/python/colcon_distutils_commands:/home/davut/otonomus_ws/install/self_driving_car_pkg/lib/python3.10/site-packages:${PYTHONPATH} /usr/bin/python3 -W ignore:setup.py install is deprecated -W ignore:easy_install command is deprecated setup.py egg_info --egg-base ../../build/self_driving_car_pkg build --build-base /home/davut/otonomus_ws/build/self_driving_car_pkg/build install --record /home/davut/otonomus_ws/build/self_driving_car_pkg/install.log --single-version-externally-managed install_data
[0.557s] running egg_info
[0.557s] creating ../../build/self_driving_car_pkg/self_driving_car_pkg.egg-info
[0.557s] writing ../../build/self_driving_car_pkg/self_driving_car_pkg.egg-info/PKG-INFO
[0.557s] writing dependency_links to ../../build/self_driving_car_pkg/self_driving_car_pkg.egg-info/dependency_links.txt
[0.557s] writing entry points to ../../build/self_driving_car_pkg/self_driving_car_pkg.egg-info/entry_points.txt
[0.557s] writing requirements to ../../build/self_driving_car_pkg/self_driving_car_pkg.egg-info/requires.txt
[0.557s] writing top-level names to ../../build/self_driving_car_pkg/self_driving_car_pkg.egg-info/top_level.txt
[0.557s] writing manifest file '../../build/self_driving_car_pkg/self_driving_car_pkg.egg-info/SOURCES.txt'
[0.558s] reading manifest file '../../build/self_driving_car_pkg/self_driving_car_pkg.egg-info/SOURCES.txt'
[0.558s] writing manifest file '../../build/self_driving_car_pkg/self_driving_car_pkg.egg-info/SOURCES.txt'
[0.559s] running build
[0.559s] running build_py
[0.559s] creating /home/davut/otonomus_ws/build/self_driving_car_pkg/build
[0.559s] creating /home/davut/otonomus_ws/build/self_driving_car_pkg/build/lib
[0.559s] creating /home/davut/otonomus_ws/build/self_driving_car_pkg/build/lib/self_driving_car_pkg
[0.559s] copying self_driving_car_pkg/__init__.py -> /home/davut/otonomus_ws/build/self_driving_car_pkg/build/lib/self_driving_car_pkg
[0.559s] running install
[0.559s] running install_lib
[0.559s] creating /home/davut/otonomus_ws/install/self_driving_car_pkg/lib/python3.10/site-packages/self_driving_car_pkg
[0.559s] copying /home/davut/otonomus_ws/build/self_driving_car_pkg/build/lib/self_driving_car_pkg/__init__.py -> /home/davut/otonomus_ws/install/self_driving_car_pkg/lib/python3.10/site-packages/self_driving_car_pkg
[0.560s] byte-compiling /home/davut/otonomus_ws/install/self_driving_car_pkg/lib/python3.10/site-packages/self_driving_car_pkg/__init__.py to __init__.cpython-310.pyc
[0.560s] running install_data
[0.560s] creating /home/davut/otonomus_ws/install/self_driving_car_pkg/share/ament_index
[0.560s] creating /home/davut/otonomus_ws/install/self_driving_car_pkg/share/ament_index/resource_index
[0.560s] creating /home/davut/otonomus_ws/install/self_driving_car_pkg/share/ament_index/resource_index/packages
[0.560s] copying resource/self_driving_car_pkg -> /home/davut/otonomus_ws/install/self_driving_car_pkg/share/ament_index/resource_index/packages
[0.560s] copying package.xml -> /home/davut/otonomus_ws/install/self_driving_car_pkg/share/self_driving_car_pkg
[0.560s] running install_egg_info
[0.561s] Copying ../../build/self_driving_car_pkg/self_driving_car_pkg.egg-info to /home/davut/otonomus_ws/install/self_driving_car_pkg/lib/python3.10/site-packages/self_driving_car_pkg-0.0.0-py3.10.egg-info
[0.561s] running install_scripts
[0.575s] writing list of installed files to '/home/davut/otonomus_ws/build/self_driving_car_pkg/install.log'
[0.592s] Invoked command in '/home/davut/otonomus_ws/src/self_driving_car_pkg' returned '0': PYTHONPATH=/home/davut/otonomus_ws/build/self_driving_car_pkg/prefix_override:/usr/lib/python3/dist-packages/colcon_core/task/python/colcon_distutils_commands:/home/davut/otonomus_ws/install/self_driving_car_pkg/lib/python3.10/site-packages:${PYTHONPATH} /usr/bin/python3 -W ignore:setup.py install is deprecated -W ignore:easy_install command is deprecated setup.py egg_info --egg-base ../../build/self_driving_car_pkg build --build-base /home/davut/otonomus_ws/build/self_driving_car_pkg/build install --record /home/davut/otonomus_ws/build/self_driving_car_pkg/install.log --single-version-externally-managed install_data
