[0.398s] Invoking command in '/home/davut/otonomus_ws/src/self_driving_car_pkg': PYTHONPATH=/home/davut/otonomus_ws/build/self_driving_car_pkg/prefix_override:/usr/lib/python3/dist-packages/colcon_core/task/python/colcon_distutils_commands:/home/davut/otonomus_ws/install/self_driving_car_pkg/lib/python3.10/site-packages:${PYTHONPATH} /usr/bin/python3 -W ignore:setup.py install is deprecated -W ignore:easy_install command is deprecated setup.py egg_info --egg-base ../../build/self_driving_car_pkg build --build-base /home/davut/otonomus_ws/build/self_driving_car_pkg/build install --record /home/davut/otonomus_ws/build/self_driving_car_pkg/install.log --single-version-externally-managed install_data
[0.526s] running egg_info
[0.526s] writing ../../build/self_driving_car_pkg/self_driving_car_pkg.egg-info/PKG-INFO
[0.528s] writing dependency_links to ../../build/self_driving_car_pkg/self_driving_car_pkg.egg-info/dependency_links.txt
[0.528s] writing entry points to ../../build/self_driving_car_pkg/self_driving_car_pkg.egg-info/entry_points.txt
[0.529s] writing requirements to ../../build/self_driving_car_pkg/self_driving_car_pkg.egg-info/requires.txt
[0.529s] writing top-level names to ../../build/self_driving_car_pkg/self_driving_car_pkg.egg-info/top_level.txt
[0.529s] reading manifest file '../../build/self_driving_car_pkg/self_driving_car_pkg.egg-info/SOURCES.txt'
[0.530s] writing manifest file '../../build/self_driving_car_pkg/self_driving_car_pkg.egg-info/SOURCES.txt'
[0.531s] running build
[0.531s] running build_py
[0.532s] running install
[0.532s] running install_lib
[0.532s] running install_data
[0.533s] copying launch/world_gazebo.launch.py -> /home/davut/otonomus_ws/install/self_driving_car_pkg/share/self_driving_car_pkg/launch
[0.533s] running install_egg_info
[0.535s] removing '/home/davut/otonomus_ws/install/self_driving_car_pkg/lib/python3.10/site-packages/self_driving_car_pkg-0.0.0-py3.10.egg-info' (and everything under it)
[0.535s] Copying ../../build/self_driving_car_pkg/self_driving_car_pkg.egg-info to /home/davut/otonomus_ws/install/self_driving_car_pkg/lib/python3.10/site-packages/self_driving_car_pkg-0.0.0-py3.10.egg-info
[0.535s] running install_scripts
[0.549s] writing list of installed files to '/home/davut/otonomus_ws/build/self_driving_car_pkg/install.log'
[0.562s] Invoked command in '/home/davut/otonomus_ws/src/self_driving_car_pkg' returned '0': PYTHONPATH=/home/davut/otonomus_ws/build/self_driving_car_pkg/prefix_override:/usr/lib/python3/dist-packages/colcon_core/task/python/colcon_distutils_commands:/home/davut/otonomus_ws/install/self_driving_car_pkg/lib/python3.10/site-packages:${PYTHONPATH} /usr/bin/python3 -W ignore:setup.py install is deprecated -W ignore:easy_install command is deprecated setup.py egg_info --egg-base ../../build/self_driving_car_pkg build --build-base /home/davut/otonomus_ws/build/self_driving_car_pkg/build install --record /home/davut/otonomus_ws/build/self_driving_car_pkg/install.log --single-version-externally-managed install_data
